c:\dev\c++\densebear-internal\intermediates\vc143.pdb
c:\dev\c++\densebear-internal\intermediates\vc143.idb
c:\dev\c++\densebear-internal\intermediates\csgo.obj
c:\dev\c++\densebear-internal\intermediates\console.obj
c:\dev\c++\densebear-internal\intermediates\math.obj
c:\dev\c++\densebear-internal\intermediates\interfaces.obj
c:\dev\c++\densebear-internal\intermediates\imgui_widgets.obj
c:\dev\c++\densebear-internal\intermediates\imgui_impl_win32.obj
c:\dev\c++\densebear-internal\intermediates\imgui_impl_dx9.obj
c:\dev\c++\densebear-internal\intermediates\imgui_draw.obj
c:\dev\c++\densebear-internal\intermediates\imgui_demo.obj
c:\dev\c++\densebear-internal\intermediates\imgui.obj
c:\dev\c++\densebear-internal\intermediates\gui.obj
c:\dev\c++\densebear-internal\intermediates\framework.obj
c:\dev\c++\densebear-internal\intermediates\hooks.obj
c:\dev\c++\densebear-internal\intermediates\skins.obj
c:\dev\c++\densebear-internal\intermediates\glow.obj
c:\dev\c++\densebear-internal\intermediates\misc.obj
c:\dev\c++\densebear-internal\intermediates\engine_prediction.obj
c:\dev\c++\densebear-internal\intermediates\esp.obj
c:\dev\c++\densebear-internal\intermediates\chams.obj
c:\dev\c++\densebear-internal\intermediates\hitmarker.obj
c:\dev\c++\densebear-internal\intermediates\view_matrix.obj
c:\dev\c++\densebear-internal\intermediates\vector3d.obj
c:\dev\c++\densebear-internal\intermediates\main.obj
c:\dev\c++\densebear-internal\intermediates\utilities.obj
c:\dev\c++\densebear-internal\intermediates\renderer.obj
c:\dev\c++\densebear-internal\intermediates\netvars.obj
c:\dev\c++\densebear-internal\intermediates\events.obj
c:\dev\c++\densebear-internal\intermediates\trampoline.obj
c:\dev\c++\densebear-internal\intermediates\hook.obj
c:\dev\c++\densebear-internal\intermediates\hde64.obj
c:\dev\c++\densebear-internal\intermediates\hde32.obj
c:\dev\c++\densebear-internal\intermediates\buffer.obj
c:\dev\c++\densebear-internal\output\debug\cheat.dll
c:\dev\c++\densebear-internal\intermediates\cheat.ilk
c:\dev\c++\densebear-internal\output\debug\cheat.pdb
c:\dev\c++\densebear-internal\intermediates\cheat.tlog\cl.command.1.tlog
c:\dev\c++\densebear-internal\intermediates\cheat.tlog\cl.read.1.tlog
c:\dev\c++\densebear-internal\intermediates\cheat.tlog\cl.write.1.tlog
c:\dev\c++\densebear-internal\intermediates\cheat.tlog\link.command.1.tlog
c:\dev\c++\densebear-internal\intermediates\cheat.tlog\link.read.1.tlog
c:\dev\c++\densebear-internal\intermediates\cheat.tlog\link.write.1.tlog
