  main.cpp
C:\Dev\C++\ImGui-DirectX-9-Kiero-Hook-master\ImGui-DirectX-9-Kiero-Hook-master\ImGui DirectX 9 Kiero Hook 2\main.cpp(67,58): warning C4244: 'argument': conversion from 'uintptr_t' to 'DWORD', possible loss of data
C:\Dev\C++\ImGui-DirectX-9-Kiero-Hook-master\ImGui-DirectX-9-Kiero-Hook-master\ImGui DirectX 9 Kiero Hook 2\main.cpp(71,39): warning C4244: 'argument': conversion from 'uintptr_t' to 'DWORD', possible loss of data
C:\Dev\C++\ImGui-DirectX-9-Kiero-Hook-master\ImGui-DirectX-9-Kiero-Hook-master\ImGui DirectX 9 Kiero Hook 2\main.cpp(75,39): warning C4244: 'argument': conversion from 'uintptr_t' to 'DWORD', possible loss of data
C:\Dev\C++\ImGui-DirectX-9-Kiero-Hook-master\ImGui-DirectX-9-Kiero-Hook-master\ImGui DirectX 9 Kiero Hook 2\main.cpp(84,137): warning C4806: '!=': unsafe operation: no value of type 'T' promoted to type 'int' can equal the given constant
          with
          [
              T=bool
          ]
C:\Dev\C++\ImGui-DirectX-9-Kiero-Hook-master\ImGui-DirectX-9-Kiero-Hook-master\ImGui DirectX 9 Kiero Hook 2\main.cpp(166,67): warning C4806: '==': unsafe operation: no value of type 'T' promoted to type 'int' can equal the given constant
          with
          [
              T=bool
          ]
C:\Dev\C++\ImGui-DirectX-9-Kiero-Hook-master\ImGui-DirectX-9-Kiero-Hook-master\ImGui DirectX 9 Kiero Hook 2\main.cpp(278,67): warning C4312: 'type cast': conversion from 'unsigned long' to 'int *' of greater size
C:\Dev\C++\ImGui-DirectX-9-Kiero-Hook-master\ImGui-DirectX-9-Kiero-Hook-master\ImGui DirectX 9 Kiero Hook 2\main.cpp(283,67): warning C4312: 'type cast': conversion from 'unsigned long' to 'int *' of greater size
C:\Dev\C++\ImGui-DirectX-9-Kiero-Hook-master\ImGui-DirectX-9-Kiero-Hook-master\ImGui DirectX 9 Kiero Hook 2\main.cpp(304,70): warning C4244: 'argument': conversion from 'uintptr_t' to 'DWORD', possible loss of data
C:\Dev\C++\ImGui-DirectX-9-Kiero-Hook-master\ImGui-DirectX-9-Kiero-Hook-master\ImGui DirectX 9 Kiero Hook 2\main.cpp(309,81): warning C4244: 'argument': conversion from 'uintptr_t' to 'DWORD', possible loss of data
C:\Dev\C++\ImGui-DirectX-9-Kiero-Hook-master\ImGui-DirectX-9-Kiero-Hook-master\ImGui DirectX 9 Kiero Hook 2\main.cpp(310,54): warning C4244: 'argument': conversion from 'uintptr_t' to 'DWORD', possible loss of data
C:\Dev\C++\ImGui-DirectX-9-Kiero-Hook-master\ImGui-DirectX-9-Kiero-Hook-master\ImGui DirectX 9 Kiero Hook 2\main.cpp(313,51): warning C4244: 'argument': conversion from 'uintptr_t' to 'DWORD', possible loss of data
C:\Dev\C++\ImGui-DirectX-9-Kiero-Hook-master\ImGui-DirectX-9-Kiero-Hook-master\ImGui DirectX 9 Kiero Hook 2\main.cpp(315,54): warning C4244: 'argument': conversion from 'uintptr_t' to 'DWORD', possible loss of data
C:\Dev\C++\ImGui-DirectX-9-Kiero-Hook-master\ImGui-DirectX-9-Kiero-Hook-master\ImGui DirectX 9 Kiero Hook 2\main.cpp(62,1): warning C4312: 'type cast': conversion from 'DWORD' to 'PVOID' of greater size
C:\Dev\C++\ImGui-DirectX-9-Kiero-Hook-master\ImGui-DirectX-9-Kiero-Hook-master\ImGui DirectX 9 Kiero Hook 2\main.cpp(67): message : see reference to function template instantiation 'dataType readProcessMemory<int>(DWORD)' being compiled
          with
          [
              dataType=int
          ]
C:\Dev\C++\ImGui-DirectX-9-Kiero-Hook-master\ImGui-DirectX-9-Kiero-Hook-master\ImGui DirectX 9 Kiero Hook 2\main.cpp(56,1): warning C4312: 'type cast': conversion from 'DWORD' to 'PVOID' of greater size
C:\Dev\C++\ImGui-DirectX-9-Kiero-Hook-master\ImGui-DirectX-9-Kiero-Hook-master\ImGui DirectX 9 Kiero Hook 2\main.cpp(270): message : see reference to function template instantiation 'void writeProcessMemory<int>(dataType,DWORD)' being compiled
          with
          [
              dataType=int
          ]
  ImGui DirectX 9 Kiero Hook 2.vcxproj -> C:\Dev\C++\ImGui-DirectX-9-Kiero-Hook-master\ImGui-DirectX-9-Kiero-Hook-master\x64\Debug\ImGui DirectX 9 Kiero Hook 2.dll
